2025-10-07 15:23:43,918 DEBUG    root            Loaded Command Group: ['gcloud', 'components']
2025-10-07 15:23:43,921 DEBUG    root            Loaded Command Group: ['gcloud', 'components', 'install']
2025-10-07 15:23:43,922 DEBUG    root            Running [gcloud.components.install] with arguments: [--compile-python: "True", --quiet: "True", COMPONENT-IDS:4: "['gsutil', 'core', 'bq', 'gcloud-crc32c']"]
2025-10-07 15:23:43,947 DEBUG    urllib3.connectionpool Starting new HTTPS connection (1): dl.google.com:443
2025-10-07 15:23:44,102 DEBUG    urllib3.connectionpool https://dl.google.com:443 "GET /dl/cloudsdk/channels/rapid/components-v542.0.0.json HTTP/11" 200 233157
2025-10-07 15:23:44,202 INFO     ___FILE_ONLY___ 

2025-10-07 15:23:44,202 INFO     ___FILE_ONLY___ 
Your current Google Cloud CLI version is: 542.0.0

2025-10-07 15:23:44,203 INFO     ___FILE_ONLY___ Installing components from version: 542.0.0

2025-10-07 15:23:44,203 INFO     ___FILE_ONLY___ 

2025-10-07 15:23:44,203 DEBUG    root            Chosen display Format:table[box,title="These components will be removed."](details.display_name:label=Name:align=left,version.version_string:label=Version:align=right,data.size.size(zero="",min=1048576):label=Size:align=right)
2025-10-07 15:23:44,203 DEBUG    root            Chosen display Format:table[box,title="These components will be updated."](details.display_name:label=Name:align=left,version.version_string:label=Version:align=right,data.size.size(zero="",min=1048576):label=Size:align=right)
2025-10-07 15:23:44,204 DEBUG    root            Chosen display Format:table[box,title="These components will be installed."](details.display_name:label=Name:align=left,version.version_string:label=Version:align=right,data.size.size(zero="",min=1048576):label=Size:align=right)
2025-10-07 15:23:44,238 INFO     ___FILE_ONLY___ ┌────────────────────────────────────────────────────────────────────┐
2025-10-07 15:23:44,238 INFO     ___FILE_ONLY___ 

2025-10-07 15:23:44,238 INFO     ___FILE_ONLY___ │                These components will be installed.                 │
2025-10-07 15:23:44,238 INFO     ___FILE_ONLY___ 

2025-10-07 15:23:44,238 INFO     ___FILE_ONLY___ ├─────────────────────────────────────────────┬────────────┬─────────┤
2025-10-07 15:23:44,238 INFO     ___FILE_ONLY___ 

2025-10-07 15:23:44,238 INFO     ___FILE_ONLY___ │                     Name                    │  Version   │   Size  │
2025-10-07 15:23:44,238 INFO     ___FILE_ONLY___ 

2025-10-07 15:23:44,238 INFO     ___FILE_ONLY___ ├─────────────────────────────────────────────┼────────────┼─────────┤
2025-10-07 15:23:44,238 INFO     ___FILE_ONLY___ 

2025-10-07 15:23:44,238 INFO     ___FILE_ONLY___ │ 
2025-10-07 15:23:44,238 INFO     ___FILE_ONLY___ gcloud cli dependencies (Platform Specific)
2025-10-07 15:23:44,238 INFO     ___FILE_ONLY___  
2025-10-07 15:23:44,238 INFO     ___FILE_ONLY___ │ 
2025-10-07 15:23:44,238 INFO     ___FILE_ONLY___ 2021.04.16
2025-10-07 15:23:44,238 INFO     ___FILE_ONLY___  
2025-10-07 15:23:44,238 INFO     ___FILE_ONLY___ │ 
2025-10-07 15:23:44,238 INFO     ___FILE_ONLY___ < 1 MiB
2025-10-07 15:23:44,238 INFO     ___FILE_ONLY___  
2025-10-07 15:23:44,238 INFO     ___FILE_ONLY___ │
2025-10-07 15:23:44,238 INFO     ___FILE_ONLY___ 

2025-10-07 15:23:44,238 INFO     ___FILE_ONLY___ └─────────────────────────────────────────────┴────────────┴─────────┘
2025-10-07 15:23:44,238 INFO     ___FILE_ONLY___ 

2025-10-07 15:23:44,238 INFO     ___FILE_ONLY___ 

2025-10-07 15:23:44,242 DEBUG    urllib3.connectionpool Starting new HTTPS connection (1): dl.google.com:443
2025-10-07 15:23:44,385 DEBUG    urllib3.connectionpool https://dl.google.com:443 "GET /dl/cloudsdk/channels/rapid/RELEASE_NOTES HTTP/11" 200 1495872
2025-10-07 15:23:45,223 INFO     ___FILE_ONLY___ For the latest full release notes, please visit:
  https://cloud.google.com/sdk/release_notes


2025-10-07 15:23:45,223 INFO     ___FILE_ONLY___ Performing in place update...


2025-10-07 15:23:45,223 INFO     ___FILE_ONLY___ ╔════════════════════════════════════════════════════════════╗

2025-10-07 15:23:45,224 INFO     ___FILE_ONLY___ ╠═ Downloading: gcloud cli dependencies (Platform Specific) ═╣

2025-10-07 15:23:45,224 INFO     ___FILE_ONLY___ ╚
2025-10-07 15:23:45,228 DEBUG    urllib3.connectionpool Starting new HTTPS connection (1): dl.google.com:443
2025-10-07 15:23:45,460 DEBUG    urllib3.connectionpool https://dl.google.com:443 "GET /dl/cloudsdk/channels/rapid/components/google-cloud-sdk-gcloud-deps-darwin-x86_64-20210416153011.tar.gz HTTP/11" 200 105
2025-10-07 15:23:45,462 INFO     ___FILE_ONLY___ ════════════════════════════════════════════════════════════
2025-10-07 15:23:45,462 INFO     ___FILE_ONLY___ ╝

2025-10-07 15:23:45,463 INFO     ___FILE_ONLY___ ╔════════════════════════════════════════════════════════════╗

2025-10-07 15:23:45,464 INFO     ___FILE_ONLY___ ╠═ Installing: gcloud cli dependencies (Platform Specific)  ═╣

2025-10-07 15:23:45,464 INFO     ___FILE_ONLY___ ╚
2025-10-07 15:23:45,465 INFO     ___FILE_ONLY___ ════════════════════════════════════════════════════════════
2025-10-07 15:23:45,465 INFO     ___FILE_ONLY___ ╝

2025-10-07 15:23:45,476 DEBUG    root            Updating notification cache...
2025-10-07 15:23:45,476 INFO     ___FILE_ONLY___ 

2025-10-07 15:23:45,477 INFO     ___FILE_ONLY___ Performing post processing steps...
2025-10-07 15:23:45,477 DEBUG    root            Executing command: ['/opt/homebrew/share/google-cloud-sdk/bin/gcloud', 'components', 'post-process']
2025-10-07 15:23:51,225 DEBUG    ___FILE_ONLY___ 
2025-10-07 15:23:51,225 DEBUG    ___FILE_ONLY___ 
2025-10-07 15:23:51,284 INFO     root            descriptor_list: [{'universeDomain': 'googleapis.com', 'universeShortName': '', 'authenticationDomain': 'auth.cloud.google.com', 'projectPrefix': '', 'cloudWebDomain': 'cloud.google.com', 'documentationDomain': 'cloud.google.com', 'version': '1.0.0', 'state': 'primary', 'artifactRegistryDomain': 'pkg.dev'}]
2025-10-07 15:23:51,285 DEBUG    root            Loaded Command Group: ['gcloud']
2025-10-07 15:23:51,288 DEBUG    root            Loaded Command Group: ['gcloud', 'config']
2025-10-07 15:23:51,289 DEBUG    root            Loaded Command Group: ['gcloud', 'config', 'virtualenv']
2025-10-07 15:23:51,295 DEBUG    root            Loaded Command Group: ['gcloud', 'config', 'virtualenv', 'create']
2025-10-07 15:23:51,297 DEBUG    root            Running [gcloud.config.virtualenv.create] with arguments: [--python-to-use: "/opt/homebrew/bin/python3.12"]
2025-10-07 15:23:51,297 INFO     ___FILE_ONLY___ Creating virtualenv...

2025-10-07 15:23:51,297 DEBUG    root            Executing command: ['/opt/homebrew/bin/python3.12', '-m', 'venv', '/Users/rsp_ms/.config/gcloud/virtenv']
2025-10-07 15:23:53,238 DEBUG    ___FILE_ONLY___ 
2025-10-07 15:23:53,238 DEBUG    ___FILE_ONLY___ 
2025-10-07 15:23:53,238 INFO     ___FILE_ONLY___ Installing modules...

2025-10-07 15:23:53,238 DEBUG    root            Executing command: ['/Users/rsp_ms/.config/gcloud/virtenv/bin/pip3', 'install', '--log', '/Users/rsp_ms/.config/gcloud/virtenv/install_module.log', '-q', '--disable-pip-version-check', 'crcmod', 'grpcio', 'pyopenssl==24.2.1', 'google_crc32c', 'certifi', 'https://github.com/googleapis/enterprise-certificate-proxy/releases/download/v0.3.6/cryptography-42.0.7-cp39-abi3-macosx_10_12_universal2.whl', 'setuptools']
2025-10-07 15:24:02,420 DEBUG    root            Chosen display Format:default
2025-10-07 15:24:02,421 INFO     root            Display format: "default"
2025-10-07 15:24:02,423 DEBUG    root            Loaded Command Group: ['gcloud', 'config', 'virtualenv', 'enable']
2025-10-07 15:24:02,424 DEBUG    root            Running [gcloud.config.virtualenv.enable] with arguments: []
2025-10-07 15:24:02,424 INFO     ___FILE_ONLY___ Virtual env enabled.

2025-10-07 15:24:02,424 DEBUG    root            Chosen display Format:default
2025-10-07 15:24:02,425 INFO     root            Display format: "default"
2025-10-07 15:24:02,426 INFO     ___FILE_ONLY___ 
Update done!


2025-10-07 15:24:02,427 DEBUG    root            Chosen display Format:none
2025-10-07 15:24:02,427 INFO     root            Display format: "none"
