2025-10-07 16:18:06,965 DEBUG    root            Loaded Command Group: ['gcloud', 'auth']
2025-10-07 16:18:07,001 DEBUG    root            Loaded Command Group: ['gcloud', 'auth', 'login']
2025-10-07 16:18:07,002 DEBUG    root            Running [gcloud.auth.login] with arguments: []
2025-10-07 16:18:07,169 DEBUG    requests_oauthlib.oauth2_session Generated new state MFa2h5uLqFMuTCjTEtgoSNarJI0iF9.
2025-10-07 16:18:07,605 INFO     ___FILE_ONLY___ Your browser has been opened to visit:

    https://accounts.google.com/o/oauth2/auth?response_type=code&client_id=32555940559.apps.googleusercontent.com&redirect_uri=http%3A%2F%2Flocalhost%3A8085%2F&scope=openid+https%3A%2F%2Fwww.googleapis.com%2Fauth%2Fuserinfo.email+https%3A%2F%2Fwww.googleapis.com%2Fauth%2Fcloud-platform+https%3A%2F%2Fwww.googleapis.com%2Fauth%2Fappengine.admin+https%3A%2F%2Fwww.googleapis.com%2Fauth%2Fsqlservice.login+https%3A%2F%2Fwww.googleapis.com%2Fauth%2Fcompute+https%3A%2F%2Fwww.googleapis.com%2Fauth%2Faccounts.reauth&state=MFa2h5uLqFMuTCjTEtgoSNarJI0iF9&access_type=offline&code_challenge=-JZtUQIcI1E2UiQE8zw-YhqC8xnyOhS51WhgCRL5ZsQ&code_challenge_method=S256


2025-10-07 16:18:14,975 INFO     google_auth_oauthlib.flow "GET /?state=MFa2h5uLqFMuTCjTEtgoSNarJI0iF9&code=4/0AVGzR1D0z6DyRB1z8EXyv99FRNcBTd-tZUnIpkaEcl--jr9B90YDIryx0SMNtpgcxEBt-g&scope=email%20openid%20https://www.googleapis.com/auth/userinfo.email%20https://www.googleapis.com/auth/cloud-platform%20https://www.googleapis.com/auth/appengine.admin%20https://www.googleapis.com/auth/sqlservice.login%20https://www.googleapis.com/auth/compute%20https://www.googleapis.com/auth/accounts.reauth&authuser=0&prompt=consent HTTP/1.1" 200 937
2025-10-07 16:18:14,977 DEBUG    requests_oauthlib.oauth2_session Requesting url https://oauth2.googleapis.com/token using method POST.
2025-10-07 16:18:14,977 DEBUG    requests_oauthlib.oauth2_session Supplying headers {b'Accept': b'application/json', b'Content-Type': b'application/x-www-form-urlencoded;charset=UTF-8', b'user-agent': b'google-cloud-sdk gcloud/542.0.0 command/gcloud.auth.login invocation-id/4256b8994e9d48eea34f8c56cc9b914d environment/None environment-version/None client-os/MACOSX client-os-ver/24.6.0 client-pltf-arch/arm interactive/True from-script/True python/3.12.11 term/xterm-256color (Macintosh; Intel Mac OS X 24.6.0)'} and data {'grant_type': 'authorization_code', 'client_id': '32555940559.apps.googleusercontent.com', 'client_secret': 'ZmssLNjJy2998hD4CTg2ejr2', 'code': '4/0AVGzR1D0z6DyRB1z8EXyv99FRNcBTd-tZUnIpkaEcl--jr9B90YDIryx0SMNtpgcxEBt-g', 'redirect_uri': 'http://localhost:8085/', 'code_verifier': 'X3PnDkpv-r8MeqHQhIHCNliHbQB7jsNyEMEokm1~2jtOWdUa~dDtvn_xSR7b0~jpfj3VtxT0ZLFItRVL9B3MgGWg-yEPmajeGCZ~jDfvV6GeFTpKAq9P-HFsjKhjZFmq'}
2025-10-07 16:18:14,977 DEBUG    requests_oauthlib.oauth2_session Passing through key word arguments {'json': None, 'timeout': None, 'auth': None, 'verify': None, 'proxies': None}.
2025-10-07 16:18:14,983 DEBUG    urllib3.connectionpool Starting new HTTPS connection (1): oauth2.googleapis.com:443
2025-10-07 16:18:15,226 DEBUG    urllib3.connectionpool https://oauth2.googleapis.com:443 "POST /token HTTP/11" 200 None
2025-10-07 16:18:15,227 DEBUG    requests_oauthlib.oauth2_session Prepared fetch token request body grant_type=authorization_code&client_id=32555940559.apps.googleusercontent.com&client_secret=ZmssLNjJy2998hD4CTg2ejr2&code=4%2F0AVGzR1D0z6DyRB1z8EXyv99FRNcBTd-tZUnIpkaEcl--jr9B90YDIryx0SMNtpgcxEBt-g&redirect_uri=http%3A%2F%2Flocalhost%3A8085%2F&code_verifier=X3PnDkpv-r8MeqHQhIHCNliHbQB7jsNyEMEokm1~2jtOWdUa~dDtvn_xSR7b0~jpfj3VtxT0ZLFItRVL9B3MgGWg-yEPmajeGCZ~jDfvV6GeFTpKAq9P-HFsjKhjZFmq
2025-10-07 16:18:15,227 DEBUG    requests_oauthlib.oauth2_session Request to fetch token completed with status 200.
2025-10-07 16:18:15,227 DEBUG    requests_oauthlib.oauth2_session Request headers were {'user-agent': b'google-cloud-sdk gcloud/542.0.0 command/gcloud.auth.login invocation-id/4256b8994e9d48eea34f8c56cc9b914d environment/None environment-version/None client-os/MACOSX client-os-ver/24.6.0 client-pltf-arch/arm interactive/True from-script/True python/3.12.11 term/xterm-256color (Macintosh; Intel Mac OS X 24.6.0)', 'Accept-Encoding': 'gzip, deflate', 'Accept': b'application/json', 'Connection': 'keep-alive', 'Content-Type': b'application/x-www-form-urlencoded;charset=UTF-8', 'Content-Length': '387'}
2025-10-07 16:18:15,227 DEBUG    requests_oauthlib.oauth2_session Request body was grant_type=authorization_code&client_id=32555940559.apps.googleusercontent.com&client_secret=ZmssLNjJy2998hD4CTg2ejr2&code=4%2F0AVGzR1D0z6DyRB1z8EXyv99FRNcBTd-tZUnIpkaEcl--jr9B90YDIryx0SMNtpgcxEBt-g&redirect_uri=http%3A%2F%2Flocalhost%3A8085%2F&code_verifier=X3PnDkpv-r8MeqHQhIHCNliHbQB7jsNyEMEokm1~2jtOWdUa~dDtvn_xSR7b0~jpfj3VtxT0ZLFItRVL9B3MgGWg-yEPmajeGCZ~jDfvV6GeFTpKAq9P-HFsjKhjZFmq
2025-10-07 16:18:15,227 DEBUG    requests_oauthlib.oauth2_session Response headers were {'Pragma': 'no-cache', 'Date': 'Tue, 07 Oct 2025 20:18:15 GMT', 'Cache-Control': 'no-cache, no-store, max-age=0, must-revalidate', 'Expires': 'Mon, 01 Jan 1990 00:00:00 GMT', 'Content-Type': 'application/json; charset=utf-8', 'Vary': 'Origin, X-Origin, Referer', 'Content-Encoding': 'gzip', 'Server': 'scaffolding on HTTPServer2', 'X-XSS-Protection': '0', 'X-Frame-Options': 'SAMEORIGIN', 'X-Content-Type-Options': 'nosniff', 'Alt-Svc': 'h3=":443"; ma=2592000,h3-29=":443"; ma=2592000', 'Transfer-Encoding': 'chunked'} and content {
  "access_token": "ya29.a0AQQ_BDTd_e40z9EGEAlsff_dJ90Jw0czzVO6bWhzHz0Q6uJwe11Xsz-zZML2b6fhSqYkLF-jJ7ntfAzEoymMG3Av7dy-mRmYXJMpapDiGLRShBwVvl1V_cLMzdGprpNxCVPjd-czKudiGJSfOjhH9GkKMopujcG3h34GGglYgvcLGrMhdAQqMH-zXugrhBxwbCCYCUgPP3J9aCgYKAcISARESFQHGX2MiqLIm88bXKFl_XrqBOQ-8BQ0211",
  "expires_in": 3599,
  "refresh_token": "1//05vnM6eZ9z292CgYIARAAGAUSNwF-L9Ir3rPzkFri_F0PJw4j7w1Jigb0x1s1hC0ZojOmW8nRWKJk_BY4IymAGF3kA3qPAtxYa7I",
  "scope": "openid https://www.googleapis.com/auth/cloud-platform https://www.googleapis.com/auth/accounts.reauth https://www.googleapis.com/auth/compute https://www.googleapis.com/auth/sqlservice.login https://www.googleapis.com/auth/appengine.admin https://www.googleapis.com/auth/userinfo.email",
  "token_type": "Bearer",
  "id_token": "eyJhbGciOiJSUzI1NiIsImtpZCI6ImM4YWI3MTUzMDk3MmJiYTIwYjQ5Zjc4YTA5Yzk4NTJjNDNmZjkxMTgiLCJ0eXAiOiJKV1QifQ.eyJpc3MiOiJodHRwczovL2FjY291bnRzLmdvb2dsZS5jb20iLCJhenAiOiIzMjU1NTk0MDU1OS5hcHBzLmdvb2dsZXVzZXJjb250ZW50LmNvbSIsImF1ZCI6IjMyNTU1OTQwNTU5LmFwcHMuZ29vZ2xldXNlcmNvbnRlbnQuY29tIiwic3ViIjoiMTE0OTA2NzYyODU2NzY4NDM4NTM2IiwiZW1haWwiOiJyc3Bsb3dtYW5AaWNsb3VkLmNvbSIsImVtYWlsX3ZlcmlmaWVkIjp0cnVlLCJhdF9oYXNoIjoiTWoxbkZBeWdPZjNhRldacGliTVNoQSIsImlhdCI6MTc1OTg2ODI5NSwiZXhwIjoxNzU5ODcxODk1fQ.KW-L1qK7byTxqJiLQ7ygvF74wjYsscPm_rYKAG4xtmJawekFE25-PwUHOLOtvSqwaWdVzUVe6ghvtJBWe_JlRpgoSEYC3mRS6V-aqGNBPALuKtEEdsf6p5JPhUIr549jniIV3cSWxRfjgUGixlah2NMJbuWyoZQpOPv1XdQVyezyjsnlKbspDT9JNFkcpkfC1TLA-QQz6AmwuASuCMGn7BIKYDdTeX7gI9sCNsn-Bc8DboBYdUG5ZX0iY8gzqCilByKKZhSSrfu6SCIvgNCKklKpCZt4HLSF2FnRLJaoaoVu1DXlviqb7W8dqYtOaEDN6iUwOVopAag2bJzzcje7KQ"
}.
2025-10-07 16:18:15,227 DEBUG    requests_oauthlib.oauth2_session Invoking 0 token response hooks.
2025-10-07 16:18:15,227 DEBUG    requests_oauthlib.oauth2_session Obtained token {'access_token': 'ya29.a0AQQ_BDTd_e40z9EGEAlsff_dJ90Jw0czzVO6bWhzHz0Q6uJwe11Xsz-zZML2b6fhSqYkLF-jJ7ntfAzEoymMG3Av7dy-mRmYXJMpapDiGLRShBwVvl1V_cLMzdGprpNxCVPjd-czKudiGJSfOjhH9GkKMopujcG3h34GGglYgvcLGrMhdAQqMH-zXugrhBxwbCCYCUgPP3J9aCgYKAcISARESFQHGX2MiqLIm88bXKFl_XrqBOQ-8BQ0211', 'expires_in': 3599, 'refresh_token': '1//05vnM6eZ9z292CgYIARAAGAUSNwF-L9Ir3rPzkFri_F0PJw4j7w1Jigb0x1s1hC0ZojOmW8nRWKJk_BY4IymAGF3kA3qPAtxYa7I', 'scope': ['openid', 'https://www.googleapis.com/auth/cloud-platform', 'https://www.googleapis.com/auth/accounts.reauth', 'https://www.googleapis.com/auth/compute', 'https://www.googleapis.com/auth/sqlservice.login', 'https://www.googleapis.com/auth/appengine.admin', 'https://www.googleapis.com/auth/userinfo.email'], 'token_type': 'Bearer', 'id_token': 'eyJhbGciOiJSUzI1NiIsImtpZCI6ImM4YWI3MTUzMDk3MmJiYTIwYjQ5Zjc4YTA5Yzk4NTJjNDNmZjkxMTgiLCJ0eXAiOiJKV1QifQ.eyJpc3MiOiJodHRwczovL2FjY291bnRzLmdvb2dsZS5jb20iLCJhenAiOiIzMjU1NTk0MDU1OS5hcHBzLmdvb2dsZXVzZXJjb250ZW50LmNvbSIsImF1ZCI6IjMyNTU1OTQwNTU5LmFwcHMuZ29vZ2xldXNlcmNvbnRlbnQuY29tIiwic3ViIjoiMTE0OTA2NzYyODU2NzY4NDM4NTM2IiwiZW1haWwiOiJyc3Bsb3dtYW5AaWNsb3VkLmNvbSIsImVtYWlsX3ZlcmlmaWVkIjp0cnVlLCJhdF9oYXNoIjoiTWoxbkZBeWdPZjNhRldacGliTVNoQSIsImlhdCI6MTc1OTg2ODI5NSwiZXhwIjoxNzU5ODcxODk1fQ.KW-L1qK7byTxqJiLQ7ygvF74wjYsscPm_rYKAG4xtmJawekFE25-PwUHOLOtvSqwaWdVzUVe6ghvtJBWe_JlRpgoSEYC3mRS6V-aqGNBPALuKtEEdsf6p5JPhUIr549jniIV3cSWxRfjgUGixlah2NMJbuWyoZQpOPv1XdQVyezyjsnlKbspDT9JNFkcpkfC1TLA-QQz6AmwuASuCMGn7BIKYDdTeX7gI9sCNsn-Bc8DboBYdUG5ZX0iY8gzqCilByKKZhSSrfu6SCIvgNCKklKpCZt4HLSF2FnRLJaoaoVu1DXlviqb7W8dqYtOaEDN6iUwOVopAag2bJzzcje7KQ', 'expires_at': 1759871894.227666}.
2025-10-07 16:18:15,245 INFO     ___FILE_ONLY___ 
You are now logged in as [rsplowman@icloud.com].
Your current project is [None].  You can change this setting by running:
  $ gcloud config set project PROJECT_ID

2025-10-07 16:18:15,246 DEBUG    root            Chosen display Format:none
2025-10-07 16:18:15,246 INFO     root            Display format: "none"
