2025-10-11 23:14:19,437 DEBUG    root            Loaded Command Group: ['gcloud', 'cloud_shell']
2025-10-11 23:14:19,451 DEBUG    root            Loaded Command Group: ['gcloud', 'cloud-shell', 'ssh']
2025-10-11 23:14:19,451 DEBUG    root            Running [gcloud.cloud-shell.ssh] with arguments: [--command: "echo Cloud Shell Connected"]
2025-10-11 23:14:19,452 INFO     ___FILE_ONLY___ Automatic authentication with GCP CLI tools in Cloud Shell is disabled. To enable, please rerun command with `--authorize-session` flag.

2025-10-11 23:14:19,523 DEBUG    google.auth.transport.requests Making request: POST https://oauth2.googleapis.com/token
2025-10-11 23:14:19,528 DEBUG    urllib3.connectionpool Starting new HTTPS connection (1): oauth2.googleapis.com:443
2025-10-11 23:14:19,708 DEBUG    urllib3.connectionpool https://oauth2.googleapis.com:443 "POST /token HTTP/11" 200 None
2025-10-11 23:14:19,727 WARNING  root            The private SSH key file for gcloud does not exist.
2025-10-11 23:14:19,727 WARNING  root            The public SSH key file for gcloud does not exist.
2025-10-11 23:14:19,727 WARNING  root            You do not have an SSH key for gcloud.
2025-10-11 23:14:19,727 WARNING  root            SSH keygen will be executed to generate a key.
2025-10-11 23:14:19,727 DEBUG    root            Running command [/usr/bin/ssh-keygen -N  -t rsa -f /Users/rsp_ms/.ssh/google_compute_engine].
2025-10-11 23:14:19,727 DEBUG    root            Executing command: ['/usr/bin/ssh-keygen', '-N', '', '-t', 'rsa', '-f', '/Users/rsp_ms/.ssh/google_compute_engine']
2025-10-11 23:14:19,790 DEBUG    urllib3.connectionpool Starting new HTTPS connection (1): cloudshell.googleapis.com:443
2025-10-11 23:14:20,350 DEBUG    urllib3.connectionpool https://cloudshell.googleapis.com:443 "GET /v1/users/me/environments/default?alt=json HTTP/11" 200 None
2025-10-11 23:14:20,906 DEBUG    urllib3.connectionpool https://cloudshell.googleapis.com:443 "POST /v1/users/me/environments/default:addPublicKey?alt=json HTTP/11" 200 None
2025-10-11 23:14:20,908 INFO     ___FILE_ONLY___ Pushing your public key to Cloud Shell...
2025-10-11 23:14:21,918 DEBUG    urllib3.connectionpool Starting new HTTPS connection (1): cloudshell.googleapis.com:443
2025-10-11 23:14:22,143 DEBUG    urllib3.connectionpool https://cloudshell.googleapis.com:443 "GET /v1/operations/operation-017fd81f-a069-4ace-973a-9c58598eb884?alt=json HTTP/11" 200 None
2025-10-11 23:14:22,644 DEBUG    urllib3.connectionpool https://cloudshell.googleapis.com:443 "GET /v1/users/me/environments/default?alt=json HTTP/11" 200 None
2025-10-11 23:14:22,646 INFO     ___FILE_ONLY___ Waiting for your public key to propagate...

2025-10-11 23:14:27,647 INFO     ___FILE_ONLY___ Starting your Cloud Shell machine...

2025-10-11 23:14:28,500 DEBUG    urllib3.connectionpool https://cloudshell.googleapis.com:443 "POST /v1/users/me/environments/default:start?alt=json HTTP/11" 200 None
2025-10-11 23:14:28,503 INFO     ___FILE_ONLY___ Waiting for your Cloud Shell machine to start...
2025-10-11 23:14:29,665 DEBUG    urllib3.connectionpool https://cloudshell.googleapis.com:443 "GET /v1/operations/operation-965f6a68-dbca-4988-9407-a8c883301fe8?alt=json HTTP/11" 200 None
2025-10-11 23:14:31,263 DEBUG    urllib3.connectionpool https://cloudshell.googleapis.com:443 "GET /v1/operations/operation-965f6a68-dbca-4988-9407-a8c883301fe8?alt=json HTTP/11" 200 None
2025-10-11 23:14:32,764 DEBUG    urllib3.connectionpool https://cloudshell.googleapis.com:443 "GET /v1/operations/operation-965f6a68-dbca-4988-9407-a8c883301fe8?alt=json HTTP/11" 200 None
2025-10-11 23:14:34,266 DEBUG    urllib3.connectionpool https://cloudshell.googleapis.com:443 "GET /v1/operations/operation-965f6a68-dbca-4988-9407-a8c883301fe8?alt=json HTTP/11" 200 None
2025-10-11 23:14:36,210 DEBUG    urllib3.connectionpool https://cloudshell.googleapis.com:443 "GET /v1/operations/operation-965f6a68-dbca-4988-9407-a8c883301fe8?alt=json HTTP/11" 200 None
2025-10-11 23:14:36,490 DEBUG    urllib3.connectionpool https://cloudshell.googleapis.com:443 "GET /v1/users/me/environments/default?alt=json HTTP/11" 200 None
2025-10-11 23:14:36,491 DEBUG    root            Running command [/usr/bin/ssh -T -p 6000 -i /Users/rsp_ms/.ssh/google_compute_engine -o StrictHostKeyChecking=no rsplowman@34.73.50.93 -- DEVSHELL_PROJECT_ID=cosmic-airline-kgvlf echo Cloud Shell Connected].
2025-10-11 23:14:36,491 DEBUG    root            Executing command: ['/usr/bin/ssh', '-T', '-p', '6000', '-i', '/Users/rsp_ms/.ssh/google_compute_engine', '-o', 'StrictHostKeyChecking=no', 'rsplowman@34.73.50.93', '--', 'DEVSHELL_PROJECT_ID=cosmic-airline-kgvlf', 'echo', 'Cloud', 'Shell', 'Connected']
2025-10-11 23:14:37,164 DEBUG    root            Chosen display Format:default
2025-10-11 23:14:37,166 INFO     root            Display format: "default"
2025-10-11 23:14:37,229 DEBUG    root            Checking for updates...
2025-10-11 23:14:37,233 DEBUG    urllib3.connectionpool Starting new HTTPS connection (1): dl.google.com:443
2025-10-11 23:14:37,434 DEBUG    urllib3.connectionpool https://dl.google.com:443 "GET /dl/cloudsdk/channels/rapid/components-2.json HTTP/11" 200 233157
